2019-11-07 04:11:24 [edu.uta.nlp.controller.FeatureVectorGenerate] [INFO] - #R1: The system should allow the capability to restrict an authenticated client to a pre-determined set of services and objects. 
2019-11-07 04:11:24 [edu.stanford.nlp.pipeline.StanfordCoreNLP] [INFO] - Adding annotator tokenize
2019-11-07 04:11:24 [edu.stanford.nlp.pipeline.StanfordCoreNLP] [INFO] - Adding annotator ssplit
2019-11-07 04:11:24 [edu.stanford.nlp.pipeline.StanfordCoreNLP] [INFO] - Adding annotator pos
2019-11-07 14:06:52 [edu.uta.nlp.entity.FeatureVector] [INFO] - insert into feature_vector (requirement,subject,subject_tag,subject_ner,subject_type,verb,verb_tag,verb_cat,verb_process,object,object_tag,object_ner,object_type) values(2,user,null,null,null,do,null,null,null,something,null,null,null)
2019-11-07 14:08:03 [edu.uta.nlp.entity.FeatureVector] [INFO] - insert into feature_vector (requirement,subject,subject_tag,subject_ner,subject_type,verb,verb_tag,verb_cat,verb_process,object,object_tag,object_ner,object_type) values (2,user,null,null,null,do,null,null,null,something,null,null,null)
2019-11-07 14:50:43 [edu.uta.nlp.entity.FeatureVector] [INFO] - insert into feature_vector (requirement,subject,subject_tag,subject_ner,subject_type,verb,verb_tag,verb_cat,verb_process,object,object_tag,object_ner,object_type) values (2,user,null,null,null,do,null,null,null,something,null,null,null)
2019-11-07 15:03:50 [edu.uta.nlp.entity.FeatureVector] [INFO] - insert into feature_vector(requirement,subject,verb,object,) values ('2','user','do','something',)
2019-11-07 15:12:12 [edu.uta.nlp.entity.FeatureVector] [INFO] - insert into feature_vector(requirement,subject,verb,object,create_time) values ('2','user','do','something','2019-11-07 15:12:12')
2019-11-07 15:12:58 [edu.uta.nlp.entity.FeatureVector] [INFO] - insert into feature_vector(requirement,subject,verb,object,create_time) values ('2','user','do','something','2019-11-07 15:12:58')
2019-11-07 15:14:07 [edu.uta.nlp.entity.FeatureVector] [INFO] - insert into feature_vector(requirement,subject,verb,object,create_time) values ('2','user','do','something','2019-11-07 15:14:07')
2019-11-07 15:14:48 [edu.uta.nlp.entity.FeatureVector] [INFO] - insert into feature_vector(requirement,subject,verb,object,create_time) values ('2','user','do','something','2019-11-07 15:14:48')
2019-11-07 15:14:48 [edu.uta.nlp.entity.FeatureVector] [INFO] - select * from feature_vector where 1 = 1and subject = 'user'
2019-11-07 15:15:17 [edu.uta.nlp.entity.FeatureVector] [INFO] - insert into feature_vector(requirement,subject,verb,object,create_time) values ('2','user','do','something','2019-11-07 15:15:17')
2019-11-07 15:15:18 [edu.uta.nlp.entity.FeatureVector] [INFO] - select * from feature_vector where 1 = 1 and subject = 'user'
2019-11-07 15:18:10 [edu.uta.nlp.entity.FeatureVector] [INFO] - insert into feature_vector(requirement,subject,verb,object,create_time) values ('2','user','do','something','2019-11-07 15:18:10')
2019-11-07 15:18:10 [edu.uta.nlp.entity.FeatureVector] [INFO] - select * from feature_vector where 1 = 1 and subject = 'user'
2019-11-07 15:19:25 [edu.uta.nlp.entity.FeatureVector] [INFO] - insert into feature_vector(requirement,subject,verb,object,create_time) values ('2','user','do','something','2019-11-07 15:19:25')
2019-11-07 15:19:25 [edu.uta.nlp.entity.FeatureVector] [INFO] - select * from feature_vector where 1 = 1 and subject = 'user'
2019-11-07 15:29:28 [edu.uta.nlp.entity.FeatureVector] [INFO] - insert into feature_vector(requirement,subject,verb,object,create_time) values ('2','user','do','something','2019-11-07 15:29:28')
2019-11-07 15:29:29 [edu.uta.nlp.entity.FeatureVector] [INFO] - select * from feature_vector where 1 = 1 and subject = 'user'
2019-11-07 16:52:09 [edu.uta.nlp.database.command.InsertFeatureVector] [INFO] - insert feature vector: insert into feature_vector(requirement,subject,verb,object,create_time) values ('2','user','do','something','2019-11-07 16:52:09')
2019-11-07 16:52:10 [edu.uta.nlp.database.command.InsertFeatureVector] [INFO] - insert feature vector result: 1
2019-11-07 16:52:10 [edu.uta.nlp.database.command.GetFeatureVector] [INFO] - get feature vector: select * from feature_vector where 1 = 1 and subject = 'user'
2019-11-07 16:52:10 [edu.uta.nlp.database.command.GetFeatureVector] [INFO] - get feature vector result: [2,user,null,null,null,do,null,null,null,something,null,null,null, 2,user,null,null,null,do,null,null,null,something,null,null,null, 2,user,null,null,null,do,null,null,null,something,null,null,null, 2,user,null,null,null,do,null,null,null,something,null,null,null, 2,user,null,null,null,do,null,null,null,something,null,null,null, 2,user,null,null,null,do,null,null,null,something,null,null,null, 2,user,null,null,null,do,null,null,null,something,null,null,null, 2,user,null,null,null,do,null,null,null,something,null,null,null, 2,user,null,null,null,do,null,null,null,something,null,null,null]
2019-11-07 16:52:10 [edu.uta.nlp.database.command.UpdateFeatureVector] [INFO] - update feature vector: update feature_vector set subject = 'customer',update_time = '2019-11-07 16:52:10'where id='1'
2019-11-07 16:52:10 [edu.uta.nlp.database.command.UpdateFeatureVector] [INFO] - update feature vector result: 1
2019-11-07 16:53:57 [edu.uta.nlp.database.command.InsertFeatureVector] [INFO] - insert feature vector: insert into feature_vector(requirement,subject,verb,object,create_time) values ('2','user','do','something','2019-11-07 16:53:57')
2019-11-07 16:53:57 [edu.uta.nlp.database.command.InsertFeatureVector] [INFO] - insert feature vector result: 1
2019-11-07 16:53:57 [edu.uta.nlp.database.command.GetFeatureVector] [INFO] - get feature vector: select * from feature_vector where 1 = 1 and subject = 'user'
2019-11-07 16:53:57 [edu.uta.nlp.database.command.GetFeatureVector] [INFO] - get feature vector result: [2,user,null,null,null,do,null,null,null,something,null,null,null, 2,user,null,null,null,do,null,null,null,something,null,null,null, 2,user,null,null,null,do,null,null,null,something,null,null,null, 2,user,null,null,null,do,null,null,null,something,null,null,null, 2,user,null,null,null,do,null,null,null,something,null,null,null, 2,user,null,null,null,do,null,null,null,something,null,null,null, 2,user,null,null,null,do,null,null,null,something,null,null,null, 2,user,null,null,null,do,null,null,null,something,null,null,null, 2,user,null,null,null,do,null,null,null,something,null,null,null, 2,user,null,null,null,do,null,null,null,something,null,null,null]
2019-11-07 16:53:57 [edu.uta.nlp.database.command.UpdateFeatureVector] [INFO] - update feature vector: update feature_vector set subject = 'customer',update_time = '2019-11-07 16:53:57'where id='1'
2019-11-07 16:53:57 [edu.uta.nlp.database.command.UpdateFeatureVector] [INFO] - update feature vector result: 1
2019-11-07 16:53:57 [edu.uta.nlp.database.command.DeleteFeatureVector] [INFO] - delete feature vector: delete from feature_vector where 1=1id=3
2019-11-07 16:54:26 [edu.uta.nlp.database.command.InsertFeatureVector] [INFO] - insert feature vector: insert into feature_vector(requirement,subject,verb,object,create_time) values ('2','user','do','something','2019-11-07 16:54:26')
2019-11-07 16:54:26 [edu.uta.nlp.database.command.InsertFeatureVector] [INFO] - insert feature vector result: 1
2019-11-07 16:54:26 [edu.uta.nlp.database.command.GetFeatureVector] [INFO] - get feature vector: select * from feature_vector where 1 = 1 and subject = 'user'
2019-11-07 16:54:26 [edu.uta.nlp.database.command.GetFeatureVector] [INFO] - get feature vector result: [2,user,null,null,null,do,null,null,null,something,null,null,null, 2,user,null,null,null,do,null,null,null,something,null,null,null, 2,user,null,null,null,do,null,null,null,something,null,null,null, 2,user,null,null,null,do,null,null,null,something,null,null,null, 2,user,null,null,null,do,null,null,null,something,null,null,null, 2,user,null,null,null,do,null,null,null,something,null,null,null, 2,user,null,null,null,do,null,null,null,something,null,null,null, 2,user,null,null,null,do,null,null,null,something,null,null,null, 2,user,null,null,null,do,null,null,null,something,null,null,null, 2,user,null,null,null,do,null,null,null,something,null,null,null, 2,user,null,null,null,do,null,null,null,something,null,null,null]
2019-11-07 16:54:26 [edu.uta.nlp.database.command.UpdateFeatureVector] [INFO] - update feature vector: update feature_vector set subject = 'customer',update_time = '2019-11-07 16:54:26'where id='1'
2019-11-07 16:54:26 [edu.uta.nlp.database.command.UpdateFeatureVector] [INFO] - update feature vector result: 1
2019-11-07 16:54:26 [edu.uta.nlp.database.command.DeleteFeatureVector] [INFO] - delete feature vector: delete from feature_vector where 1=1 and id=3
2019-11-07 16:54:26 [edu.uta.nlp.database.command.DeleteFeatureVector] [INFO] - delete feature vector result :1
2019-11-07 16:54:43 [edu.uta.nlp.database.command.InsertFeatureVector] [INFO] - insert feature vector: insert into feature_vector(requirement,subject,verb,object,create_time) values ('2','user','do','something','2019-11-07 16:54:43')
2019-11-07 16:54:44 [edu.uta.nlp.database.command.InsertFeatureVector] [INFO] - insert feature vector result: 1
2019-11-07 16:54:44 [edu.uta.nlp.database.command.GetFeatureVector] [INFO] - get feature vector: select * from feature_vector where 1 = 1 and subject = 'user'
2019-11-07 16:54:44 [edu.uta.nlp.database.command.GetFeatureVector] [INFO] - get feature vector result: [2,user,null,null,null,do,null,null,null,something,null,null,null, 2,user,null,null,null,do,null,null,null,something,null,null,null, 2,user,null,null,null,do,null,null,null,something,null,null,null, 2,user,null,null,null,do,null,null,null,something,null,null,null, 2,user,null,null,null,do,null,null,null,something,null,null,null, 2,user,null,null,null,do,null,null,null,something,null,null,null, 2,user,null,null,null,do,null,null,null,something,null,null,null, 2,user,null,null,null,do,null,null,null,something,null,null,null, 2,user,null,null,null,do,null,null,null,something,null,null,null, 2,user,null,null,null,do,null,null,null,something,null,null,null, 2,user,null,null,null,do,null,null,null,something,null,null,null]
2019-11-07 16:54:44 [edu.uta.nlp.database.command.UpdateFeatureVector] [INFO] - update feature vector: update feature_vector set subject = 'customer',update_time = '2019-11-07 16:54:44'where id='1'
2019-11-07 16:54:44 [edu.uta.nlp.database.command.UpdateFeatureVector] [INFO] - update feature vector result: 1
2019-11-07 16:54:44 [edu.uta.nlp.database.command.DeleteFeatureVector] [INFO] - delete feature vector: delete from feature_vector where 1=1 and id=3
2019-11-07 16:54:44 [edu.uta.nlp.database.command.DeleteFeatureVector] [INFO] - delete feature vector result :0
2019-11-07 17:01:07 [edu.uta.nlp.controller.FeatureVectorGenerate] [INFO] - #R1: The system should allow the capability to restrict an authenticated client to a pre-determined set of services and objects. 
2019-11-07 17:01:08 [edu.stanford.nlp.pipeline.StanfordCoreNLP] [INFO] - Adding annotator tokenize
2019-11-07 17:01:08 [edu.stanford.nlp.pipeline.StanfordCoreNLP] [INFO] - Adding annotator ssplit
2019-11-07 17:01:08 [edu.stanford.nlp.pipeline.StanfordCoreNLP] [INFO] - Adding annotator pos
2019-11-07 17:01:08 [edu.stanford.nlp.tagger.maxent.MaxentTagger] [INFO] - Loading POS tagger from edu/stanford/nlp/models/pos-tagger/english-left3words/english-left3words-distsim.tagger ... done [0.8 sec].
2019-11-07 17:01:08 [edu.stanford.nlp.pipeline.StanfordCoreNLP] [INFO] - Adding annotator lemma
2019-11-07 17:01:08 [edu.stanford.nlp.pipeline.StanfordCoreNLP] [INFO] - Adding annotator depparse
2019-11-07 17:01:08 [edu.stanford.nlp.parser.nndep.DependencyParser] [INFO] - Loading depparse model: edu/stanford/nlp/models/parser/nndep/english_UD.gz ... 
2019-11-07 17:01:20 [edu.stanford.nlp.parser.nndep.Classifier] [INFO] - PreComputed 99996, Elapsed Time: 10.289 (s)
2019-11-07 17:01:20 [edu.stanford.nlp.parser.nndep.DependencyParser] [INFO] - Initializing dependency parser ... done [11.8 sec].
2019-11-07 17:01:20 [edu.stanford.nlp.pipeline.StanfordCoreNLP] [INFO] - Adding annotator natlog
2019-11-07 17:01:20 [edu.stanford.nlp.pipeline.StanfordCoreNLP] [INFO] - Adding annotator openie
2019-11-07 17:01:20 [edu.stanford.nlp.naturalli.ClauseSplitter] [INFO] - Loading clause splitter from edu/stanford/nlp/models/naturalli/clauseSearcherModel.ser.gz ... done [0.0074 seconds]
2019-11-07 17:01:23 [edu.stanford.nlp.pipeline.StanfordCoreNLP] [INFO] - Adding annotator ner
2019-11-07 17:01:23 [edu.stanford.nlp.ie.AbstractSequenceClassifier] [INFO] - Loading classifier from edu/stanford/nlp/models/ner/english.all.3class.distsim.crf.ser.gz ... done [0.9 sec].
2019-11-07 17:01:24 [edu.stanford.nlp.ie.AbstractSequenceClassifier] [INFO] - Loading classifier from edu/stanford/nlp/models/ner/english.muc.7class.distsim.crf.ser.gz ... done [0.4 sec].
2019-11-07 17:01:24 [edu.stanford.nlp.ie.AbstractSequenceClassifier] [INFO] - Loading classifier from edu/stanford/nlp/models/ner/english.conll.4class.distsim.crf.ser.gz ... done [0.6 sec].
2019-11-07 17:01:24 [edu.stanford.nlp.time.JollyDayHolidays] [INFO] - Initializing JollyDayHoliday for SUTime from classpath edu/stanford/nlp/models/sutime/jollyday/Holidays_sutime.xml as sutime.binder.1.
2019-11-07 17:01:25 [edu.stanford.nlp.time.TimeExpressionExtractorImpl] [INFO] - Using following SUTime rules: edu/stanford/nlp/models/sutime/defs.sutime.txt,edu/stanford/nlp/models/sutime/english.sutime.txt,edu/stanford/nlp/models/sutime/english.holidays.sutime.txt
2019-11-07 17:01:25 [edu.stanford.nlp.ling.tokensregex.CoreMapExpressionExtractor] [DEBUG] - Ignoring inactive rule: null
2019-11-07 17:01:25 [edu.stanford.nlp.ling.tokensregex.CoreMapExpressionExtractor] [DEBUG] - Ignoring inactive rule: temporal-composite-8:ranges
2019-11-07 17:01:30 [edu.stanford.nlp.pipeline.TokensRegexNERAnnotator] [INFO] - ner.fine.regexner: Read 580704 unique entries out of 581863 from edu/stanford/nlp/models/kbp/english/gazetteers/regexner_caseless.tab, 0 TokensRegex patterns.
2019-11-07 17:01:30 [edu.stanford.nlp.pipeline.TokensRegexNERAnnotator] [INFO] - ner.fine.regexner: Read 4869 unique entries out of 4869 from edu/stanford/nlp/models/kbp/english/gazetteers/regexner_cased.tab, 0 TokensRegex patterns.
2019-11-07 17:01:30 [edu.stanford.nlp.pipeline.TokensRegexNERAnnotator] [INFO] - ner.fine.regexner: Read 585573 unique entries from 2 files
2019-11-07 17:03:27 [edu.uta.nlp.controller.FeatureVectorGenerate] [INFO] - #R1: The system should allow the capability to restrict an authenticated client to a pre-determined set of services and objects. 
2019-11-07 17:03:27 [edu.stanford.nlp.pipeline.StanfordCoreNLP] [INFO] - Adding annotator tokenize
2019-11-07 17:03:27 [edu.stanford.nlp.pipeline.StanfordCoreNLP] [INFO] - Adding annotator ssplit
2019-11-07 17:03:27 [edu.stanford.nlp.pipeline.StanfordCoreNLP] [INFO] - Adding annotator pos
2019-11-07 17:03:28 [edu.stanford.nlp.tagger.maxent.MaxentTagger] [INFO] - Loading POS tagger from edu/stanford/nlp/models/pos-tagger/english-left3words/english-left3words-distsim.tagger ... done [0.8 sec].
2019-11-07 17:03:28 [edu.stanford.nlp.pipeline.StanfordCoreNLP] [INFO] - Adding annotator lemma
2019-11-07 17:03:28 [edu.stanford.nlp.pipeline.StanfordCoreNLP] [INFO] - Adding annotator depparse
2019-11-07 17:03:28 [edu.stanford.nlp.parser.nndep.DependencyParser] [INFO] - Loading depparse model: edu/stanford/nlp/models/parser/nndep/english_UD.gz ... 
2019-11-07 17:03:42 [edu.stanford.nlp.parser.nndep.Classifier] [INFO] - PreComputed 99996, Elapsed Time: 12.211 (s)
2019-11-07 17:03:42 [edu.stanford.nlp.parser.nndep.DependencyParser] [INFO] - Initializing dependency parser ... done [13.7 sec].
2019-11-07 17:03:42 [edu.stanford.nlp.pipeline.StanfordCoreNLP] [INFO] - Adding annotator natlog
2019-11-07 17:03:42 [edu.stanford.nlp.pipeline.StanfordCoreNLP] [INFO] - Adding annotator openie
2019-11-07 17:03:42 [edu.stanford.nlp.naturalli.ClauseSplitter] [INFO] - Loading clause splitter from edu/stanford/nlp/models/naturalli/clauseSearcherModel.ser.gz ... done [0.0093 seconds]
2019-11-07 17:03:44 [edu.stanford.nlp.pipeline.StanfordCoreNLP] [INFO] - Adding annotator ner
2019-11-07 17:03:45 [edu.stanford.nlp.ie.AbstractSequenceClassifier] [INFO] - Loading classifier from edu/stanford/nlp/models/ner/english.all.3class.distsim.crf.ser.gz ... done [1.0 sec].
2019-11-07 17:03:46 [edu.stanford.nlp.ie.AbstractSequenceClassifier] [INFO] - Loading classifier from edu/stanford/nlp/models/ner/english.muc.7class.distsim.crf.ser.gz ... done [0.4 sec].
2019-11-07 17:03:47 [edu.stanford.nlp.ie.AbstractSequenceClassifier] [INFO] - Loading classifier from edu/stanford/nlp/models/ner/english.conll.4class.distsim.crf.ser.gz ... done [0.7 sec].
2019-11-07 17:03:47 [edu.stanford.nlp.time.JollyDayHolidays] [INFO] - Initializing JollyDayHoliday for SUTime from classpath edu/stanford/nlp/models/sutime/jollyday/Holidays_sutime.xml as sutime.binder.1.
2019-11-07 17:03:47 [edu.stanford.nlp.time.TimeExpressionExtractorImpl] [INFO] - Using following SUTime rules: edu/stanford/nlp/models/sutime/defs.sutime.txt,edu/stanford/nlp/models/sutime/english.sutime.txt,edu/stanford/nlp/models/sutime/english.holidays.sutime.txt
2019-11-07 17:03:52 [edu.stanford.nlp.ling.tokensregex.CoreMapExpressionExtractor] [DEBUG] - Ignoring inactive rule: null
2019-11-07 17:03:52 [edu.stanford.nlp.ling.tokensregex.CoreMapExpressionExtractor] [DEBUG] - Ignoring inactive rule: temporal-composite-8:ranges
2019-11-07 17:03:55 [edu.stanford.nlp.pipeline.TokensRegexNERAnnotator] [INFO] - ner.fine.regexner: Read 580704 unique entries out of 581863 from edu/stanford/nlp/models/kbp/english/gazetteers/regexner_caseless.tab, 0 TokensRegex patterns.
2019-11-07 17:03:55 [edu.stanford.nlp.pipeline.TokensRegexNERAnnotator] [INFO] - ner.fine.regexner: Read 4869 unique entries out of 4869 from edu/stanford/nlp/models/kbp/english/gazetteers/regexner_cased.tab, 0 TokensRegex patterns.
2019-11-07 17:03:55 [edu.stanford.nlp.pipeline.TokensRegexNERAnnotator] [INFO] - ner.fine.regexner: Read 585573 unique entries from 2 files
2019-11-07 17:05:53 [edu.uta.nlp.controller.FeatureVectorGenerate] [INFO] - #R1: The system should allow the capability to restrict an authenticated client to a pre-determined set of services and objects. 
2019-11-07 17:06:02 [edu.stanford.nlp.pipeline.StanfordCoreNLP] [INFO] - Adding annotator tokenize
2019-11-07 17:06:02 [edu.stanford.nlp.pipeline.StanfordCoreNLP] [INFO] - Adding annotator ssplit
2019-11-07 17:06:02 [edu.stanford.nlp.pipeline.StanfordCoreNLP] [INFO] - Adding annotator pos
2019-11-07 17:08:35 [edu.uta.nlp.controller.FeatureVectorGenerate] [INFO] - #R1: The system should allow the capability to restrict an authenticated client to a pre-determined set of services and objects. 
2019-11-07 17:08:36 [edu.stanford.nlp.pipeline.StanfordCoreNLP] [INFO] - Adding annotator tokenize
2019-11-07 17:08:36 [edu.stanford.nlp.pipeline.StanfordCoreNLP] [INFO] - Adding annotator ssplit
2019-11-07 17:08:36 [edu.stanford.nlp.pipeline.StanfordCoreNLP] [INFO] - Adding annotator pos
2019-11-07 17:08:37 [edu.stanford.nlp.tagger.maxent.MaxentTagger] [INFO] - Loading POS tagger from edu/stanford/nlp/models/pos-tagger/english-left3words/english-left3words-distsim.tagger ... done [1.1 sec].
2019-11-07 17:08:37 [edu.stanford.nlp.pipeline.StanfordCoreNLP] [INFO] - Adding annotator lemma
2019-11-07 17:08:37 [edu.stanford.nlp.pipeline.StanfordCoreNLP] [INFO] - Adding annotator depparse
2019-11-07 17:08:37 [edu.stanford.nlp.parser.nndep.DependencyParser] [INFO] - Loading depparse model: edu/stanford/nlp/models/parser/nndep/english_UD.gz ... 
2019-11-07 17:08:48 [edu.stanford.nlp.parser.nndep.Classifier] [INFO] - PreComputed 99996, Elapsed Time: 9.466 (s)
2019-11-07 17:08:48 [edu.stanford.nlp.parser.nndep.DependencyParser] [INFO] - Initializing dependency parser ... done [11.1 sec].
2019-11-07 17:08:48 [edu.stanford.nlp.pipeline.StanfordCoreNLP] [INFO] - Adding annotator natlog
2019-11-07 17:08:48 [edu.stanford.nlp.pipeline.StanfordCoreNLP] [INFO] - Adding annotator openie
2019-11-07 17:08:48 [edu.stanford.nlp.naturalli.ClauseSplitter] [INFO] - Loading clause splitter from edu/stanford/nlp/models/naturalli/clauseSearcherModel.ser.gz ... done [0.0079 seconds]
2019-11-07 17:08:50 [edu.stanford.nlp.pipeline.StanfordCoreNLP] [INFO] - Adding annotator ner
2019-11-07 17:08:51 [edu.stanford.nlp.ie.AbstractSequenceClassifier] [INFO] - Loading classifier from edu/stanford/nlp/models/ner/english.all.3class.distsim.crf.ser.gz ... done [0.9 sec].
2019-11-07 17:08:52 [edu.stanford.nlp.ie.AbstractSequenceClassifier] [INFO] - Loading classifier from edu/stanford/nlp/models/ner/english.muc.7class.distsim.crf.ser.gz ... done [0.6 sec].
2019-11-07 17:08:57 [edu.stanford.nlp.ie.AbstractSequenceClassifier] [INFO] - Loading classifier from edu/stanford/nlp/models/ner/english.conll.4class.distsim.crf.ser.gz ... done [5.4 sec].
2019-11-07 17:08:57 [edu.stanford.nlp.time.JollyDayHolidays] [INFO] - Initializing JollyDayHoliday for SUTime from classpath edu/stanford/nlp/models/sutime/jollyday/Holidays_sutime.xml as sutime.binder.1.
2019-11-07 17:08:58 [edu.stanford.nlp.time.TimeExpressionExtractorImpl] [INFO] - Using following SUTime rules: edu/stanford/nlp/models/sutime/defs.sutime.txt,edu/stanford/nlp/models/sutime/english.sutime.txt,edu/stanford/nlp/models/sutime/english.holidays.sutime.txt
2019-11-07 17:08:58 [edu.stanford.nlp.ling.tokensregex.CoreMapExpressionExtractor] [DEBUG] - Ignoring inactive rule: null
2019-11-07 17:08:58 [edu.stanford.nlp.ling.tokensregex.CoreMapExpressionExtractor] [DEBUG] - Ignoring inactive rule: temporal-composite-8:ranges
2019-11-07 17:09:01 [edu.stanford.nlp.pipeline.TokensRegexNERAnnotator] [INFO] - ner.fine.regexner: Read 580704 unique entries out of 581863 from edu/stanford/nlp/models/kbp/english/gazetteers/regexner_caseless.tab, 0 TokensRegex patterns.
2019-11-07 17:09:01 [edu.stanford.nlp.pipeline.TokensRegexNERAnnotator] [INFO] - ner.fine.regexner: Read 4869 unique entries out of 4869 from edu/stanford/nlp/models/kbp/english/gazetteers/regexner_cased.tab, 0 TokensRegex patterns.
2019-11-07 17:09:01 [edu.stanford.nlp.pipeline.TokensRegexNERAnnotator] [INFO] - ner.fine.regexner: Read 585573 unique entries from 2 files
2019-11-07 17:09:15 [edu.uta.nlp.stanford.OpenIE] [INFO] - 1.0:	system:	allow:	capability
2019-11-07 17:09:16 [edu.uta.nlp.stanford.OpenIE] [INFO] - 1.0:	capability:	restrict client to:	pre-determined set of services
2019-11-07 17:09:16 [edu.uta.nlp.stanford.OpenIE] [INFO] - 1.0:	capability:	restrict client to:	set of services
2019-11-07 17:09:16 [edu.uta.nlp.stanford.OpenIE] [INFO] - 1.0:	capability:	restrict:	authenticated client
2019-11-07 17:09:16 [edu.uta.nlp.stanford.OpenIE] [INFO] - 1.0:	capability:	restrict client to:	pre-determined set
2019-11-07 17:09:16 [edu.uta.nlp.stanford.OpenIE] [INFO] - 1.0:	capability:	restrict client to:	set
2019-11-07 17:09:16 [edu.uta.nlp.stanford.OpenIE] [INFO] - 1.0:	capability:	restrict:	client
2019-11-07 17:09:20 [edu.uta.nlp.controller.FeatureVectorGenerate] [INFO] - #R2: The system should allow user to supervise local or remote monitoring of the status and changes of states for operational devices.
2019-11-07 17:09:20 [edu.uta.nlp.stanford.OpenIE] [INFO] - 1.0:	user:	supervise:	changes
2019-11-07 17:09:20 [edu.uta.nlp.stanford.OpenIE] [INFO] - 1.0:	system:	allow:	user
2019-11-07 17:09:20 [edu.uta.nlp.stanford.OpenIE] [INFO] - 0.9454614012265985:	monitoring:	change for:	operational devices
2019-11-07 17:09:20 [edu.uta.nlp.stanford.OpenIE] [INFO] - 1.0:	user:	supervise:	monitoring of status
2019-11-07 17:09:20 [edu.uta.nlp.stanford.OpenIE] [INFO] - 1.0:	user:	supervise:	monitoring
2019-11-07 17:09:20 [edu.uta.nlp.stanford.OpenIE] [INFO] - 1.0:	user:	supervise:	changes of states
2019-11-07 17:09:20 [edu.uta.nlp.stanford.OpenIE] [INFO] - 1.0:	user:	supervise:	local monitoring of status
2019-11-07 17:09:20 [edu.uta.nlp.stanford.OpenIE] [INFO] - 0.9454614012265985:	monitoring:	change of:	states
2019-11-07 17:09:20 [edu.uta.nlp.stanford.OpenIE] [INFO] - 1.0:	user:	supervise:	changes of states for operational devices
2019-11-07 17:09:20 [edu.uta.nlp.stanford.OpenIE] [INFO] - 1.0:	user:	supervise:	changes for devices
2019-11-07 17:09:20 [edu.uta.nlp.stanford.OpenIE] [INFO] - 1.0:	user:	supervise:	local monitoring
2019-11-07 17:09:20 [edu.uta.nlp.stanford.OpenIE] [INFO] - 1.0:	user:	supervise:	changes for operational devices
2019-11-07 17:09:20 [edu.uta.nlp.stanford.OpenIE] [INFO] - 1.0:	user:	supervise:	changes of states for devices
2019-11-07 17:09:20 [edu.uta.nlp.stanford.OpenIE] [INFO] - 0.9454614012265985:	monitoring:	change for:	devices
2019-11-07 17:09:22 [edu.uta.nlp.controller.FeatureVectorGenerate] [INFO] - #R3: The system should allow user to operate equipment.
2019-11-07 17:09:24 [edu.uta.nlp.stanford.OpenIE] [INFO] - 1.0:	system:	allow:	user
2019-11-07 17:09:24 [edu.uta.nlp.stanford.OpenIE] [INFO] - 1.0:	user:	operate:	equipment
2019-11-07 17:09:24 [edu.uta.nlp.stanford.OpenIE] [INFO] - 0.004797083350664187:	system:	allow:	operate
2019-11-07 17:09:24 [edu.uta.nlp.controller.FeatureVectorGenerate] [INFO] - #R4: The system should allow user to change parameter.
2019-11-07 17:09:24 [edu.uta.nlp.stanford.OpenIE] [INFO] - 1.0:	system:	allow:	user
2019-11-07 17:09:24 [edu.uta.nlp.stanford.OpenIE] [INFO] - 1.0:	user:	change:	parameter
2019-11-07 17:09:24 [edu.uta.nlp.controller.FeatureVectorGenerate] [INFO] - #R5: The system should allow user to visualize alarms.
2019-11-07 17:09:24 [edu.uta.nlp.stanford.OpenIE] [INFO] - 1.0:	system:	allow:	user
2019-11-07 17:09:24 [edu.uta.nlp.stanford.OpenIE] [INFO] - 1.0:	user:	visualize:	alarms
2019-11-07 17:09:24 [edu.uta.nlp.controller.FeatureVectorGenerate] [INFO] - #R6: The system should allow user to acknowledge alarms.
2019-11-07 17:09:25 [edu.uta.nlp.stanford.OpenIE] [INFO] - 1.0:	user:	acknowledge:	alarms
2019-11-07 17:09:25 [edu.uta.nlp.stanford.OpenIE] [INFO] - 1.0:	system:	allow:	user
2019-11-07 17:09:26 [edu.uta.nlp.controller.FeatureVectorGenerate] [INFO] - #R7: The system should allow user to clear alarms.
2019-11-07 17:09:26 [edu.uta.nlp.stanford.OpenIE] [INFO] - 1.0:	system:	allow:	user
2019-11-07 17:09:26 [edu.uta.nlp.stanford.OpenIE] [INFO] - 1.0:	system:	allow user to:	clear alarms
2019-11-07 17:09:26 [edu.uta.nlp.stanford.OpenIE] [INFO] - 0.14059619431790493:	system:	allow to:	clear alarms
2019-11-07 17:09:26 [edu.uta.nlp.stanford.OpenIE] [INFO] - 1.0:	system:	allow user to:	alarms
2019-11-07 17:09:26 [edu.uta.nlp.stanford.OpenIE] [INFO] - 0.14059619431790493:	system:	allow to:	alarms
2019-11-07 17:09:26 [edu.uta.nlp.controller.FeatureVectorGenerate] [INFO] - #R8: The system should support continuous scanning of devices for alarms, operator control actions and changes in state
2019-11-07 17:09:27 [edu.uta.nlp.stanford.OpenIE] [INFO] - 1.0:	system:	support:	scanning of devices for alarms
2019-11-07 17:09:27 [edu.uta.nlp.stanford.OpenIE] [INFO] - 1.0:	system:	support:	scanning of devices
2019-11-07 17:09:27 [edu.uta.nlp.stanford.OpenIE] [INFO] - 1.0:	change:	be in:	state
2019-11-07 17:09:27 [edu.uta.nlp.stanford.OpenIE] [INFO] - 1.0:	system:	support:	scanning
2019-11-07 17:09:27 [edu.uta.nlp.stanford.OpenIE] [INFO] - 0.38399000094090296:	operator control action:	continuous scanning of:	devices
2019-11-07 17:09:27 [edu.uta.nlp.stanford.OpenIE] [INFO] - 1.0:	system:	support:	scanning for alarms
2019-11-07 17:09:27 [edu.uta.nlp.stanford.OpenIE] [INFO] - 1.0:	system:	support:	changes
2019-11-07 17:09:27 [edu.uta.nlp.stanford.OpenIE] [INFO] - 1.0:	system:	support:	continuous scanning of devices
2019-11-07 17:09:27 [edu.uta.nlp.stanford.OpenIE] [INFO] - 1.0:	system:	support:	operator control actions
2019-11-07 17:09:27 [edu.uta.nlp.stanford.OpenIE] [INFO] - 0.38399000094090296:	operator control action:	scanning for:	alarms
2019-11-07 17:09:27 [edu.uta.nlp.stanford.OpenIE] [INFO] - 1.0:	system:	support:	continuous scanning of devices for alarms
2019-11-07 17:09:27 [edu.uta.nlp.stanford.OpenIE] [INFO] - 1.0:	system:	support:	continuous scanning
2019-11-07 17:09:27 [edu.uta.nlp.stanford.OpenIE] [INFO] - 1.0:	system:	support:	changes in state
2019-11-07 17:09:27 [edu.uta.nlp.stanford.OpenIE] [INFO] - 1.0:	system:	support:	continuous scanning for alarms
2019-11-07 17:09:27 [edu.uta.nlp.stanford.OpenIE] [INFO] - 0.38399000094090296:	operator control action:	continuous scanning for:	alarms
2019-11-07 17:09:27 [edu.uta.nlp.stanford.OpenIE] [INFO] - 0.38399000094090296:	operator control action:	scanning of:	devices
2019-11-07 17:09:29 [edu.uta.nlp.controller.FeatureVectorGenerate] [INFO] - #R9: The system should allow retrieving all parameters  or to retrieve only those that differ from the default values.
2019-11-07 17:09:31 [edu.uta.nlp.stanford.OpenIE] [INFO] - 1.0:	parameter:	retrieve:	those
2019-11-07 17:09:31 [edu.uta.nlp.stanford.OpenIE] [INFO] - 1.0:	parameter:	retrieve:	only those
2019-11-07 17:09:31 [edu.uta.nlp.controller.FeatureVectorGenerate] [INFO] - #R10: The system should support disturbance/fault record and retrieve data.
2019-11-07 17:09:31 [edu.uta.nlp.stanford.OpenIE] [INFO] - 1.0:	system:	support:	disturbance/fault record
2019-11-07 17:09:31 [edu.uta.nlp.stanford.OpenIE] [INFO] - 1.0:	system:	support:	record
2019-11-07 17:09:31 [edu.uta.nlp.stanford.OpenIE] [INFO] - 1.0:	system:	retrieve:	data
2019-11-07 17:09:31 [edu.uta.nlp.controller.FeatureVectorGenerate] [INFO] - #R11: The system should allow user to configure and maintain the communication network.
2019-11-07 17:09:31 [edu.uta.nlp.stanford.OpenIE] [INFO] - 1.0:	user:	configure:	communication network
2019-11-07 17:09:31 [edu.uta.nlp.stanford.OpenIE] [INFO] - 1.0:	system:	allow:	user
2019-11-07 17:09:33 [edu.uta.nlp.controller.FeatureVectorGenerate] [INFO] - #R12: The system should allow synchronise the time of devices within a communication system.
2019-11-07 17:09:33 [edu.uta.nlp.stanford.OpenIE] [INFO] - 1.0:	system:	synchronise:	time
2019-11-07 17:09:33 [edu.uta.nlp.stanford.OpenIE] [INFO] - 1.0:	system:	synchronise:	time of devices
2019-11-07 17:09:33 [edu.uta.nlp.stanford.OpenIE] [INFO] - 1.0:	system:	synchronise time within:	communication system
2019-11-07 17:09:33 [edu.uta.nlp.controller.FeatureVectorGenerate] [INFO] - #R13: The system should allow to detects if an object or device is fully operational, partially operational or not operational.
2019-11-07 17:09:35 [edu.uta.nlp.stanford.OpenIE] [INFO] - 1.0:	system:	detect:	operational
2019-11-07 17:09:35 [edu.uta.nlp.stanford.OpenIE] [INFO] - 1.0:	device:	be:	operational
2019-11-07 17:09:35 [edu.uta.nlp.stanford.OpenIE] [INFO] - 1.0:	object:	be:	operational
2019-11-07 17:09:35 [edu.uta.nlp.stanford.OpenIE] [INFO] - 1.0:	device:	be:	fully operational
2019-11-07 17:09:35 [edu.uta.nlp.stanford.OpenIE] [INFO] - 1.0:	system:	detect:	fully operational
2019-11-07 17:09:35 [edu.uta.nlp.stanford.OpenIE] [INFO] - 1.0:	system:	allow:	detects
2019-11-07 17:09:35 [edu.uta.nlp.stanford.OpenIE] [INFO] - 1.0:	object:	be:	fully operational
2019-11-07 17:09:35 [edu.uta.nlp.controller.FeatureVectorGenerate] [INFO] - #R14: The system should provide status and analysis reports for components.
2019-11-07 17:09:36 [edu.uta.nlp.stanford.OpenIE] [INFO] - 1.0:	system:	provide:	status reports for components
2019-11-07 17:09:36 [edu.uta.nlp.stanford.OpenIE] [INFO] - 1.0:	system:	provide:	status reports
2019-11-07 17:09:36 [edu.uta.nlp.controller.FeatureVectorGenerate] [INFO] - #R15: The system should allow all data to be stored in the plant controller for transmission on demand.
2019-11-07 17:09:37 [edu.uta.nlp.stanford.OpenIE] [INFO] - 1.0:	datum:	be:	stored in plant controller for transmission
2019-11-07 17:09:37 [edu.uta.nlp.stanford.OpenIE] [INFO] - 1.0:	datum:	be:	stored in plant controller for transmission on demand
2019-11-07 17:09:37 [edu.uta.nlp.stanford.OpenIE] [INFO] - 1.0:	datum:	be store in:	plant controller
2019-11-07 17:09:37 [edu.uta.nlp.stanford.OpenIE] [INFO] - 1.0:	system:	allow:	data
2019-11-07 17:09:37 [edu.uta.nlp.stanford.OpenIE] [INFO] - 1.0:	datum:	be:	stored
2019-11-07 17:09:37 [edu.uta.nlp.stanford.OpenIE] [INFO] - 1.0:	datum:	be store for:	transmission on demand
2019-11-07 17:09:37 [edu.uta.nlp.stanford.OpenIE] [INFO] - 1.0:	datum:	be store for:	transmission
2019-11-07 17:09:38 [edu.uta.nlp.controller.FeatureVectorGenerate] [INFO] - #R16: The system should support to download configuration, activate and retrieve configuration data.
2019-11-07 17:09:39 [edu.uta.nlp.stanford.OpenIE] [INFO] - 1.0:	system:	download:	configuration
2019-11-07 17:09:39 [edu.uta.nlp.stanford.OpenIE] [INFO] - 1.0:	system:	retrieve:	configuration data
2019-11-07 17:09:40 [edu.uta.nlp.controller.FeatureVectorGenerate] [INFO] - #R17: The system should allow to start and stop functions or objects within the system
2019-11-07 17:09:40 [edu.uta.nlp.stanford.OpenIE] [INFO] - 1.0:	system:	start object within:	system
2019-11-07 17:09:40 [edu.uta.nlp.stanford.OpenIE] [INFO] - 1.0:	system:	start:	objects
2019-11-07 17:09:40 [edu.uta.nlp.stanford.OpenIE] [INFO] - 1.0:	system:	start function within:	system
2019-11-07 17:09:40 [edu.uta.nlp.stanford.OpenIE] [INFO] - 1.0:	system:	start:	functions
2019-11-07 17:09:40 [edu.uta.nlp.file.CSVFile] [INFO] - Save file:C:\Student\SOFTWARE DESIGN PATTERNS\Code\feature_vector\feature_vector_result\\Personal_requirements\ChengchengHou_L2.txt-FeatureVector-2019-11-07-17-09.csv
2019-11-07 17:09:40 [edu.uta.nlp.controller.FeatureVectorGenerate] [INFO] - #R1: The system shall allow user to select the product to configure.
2019-11-07 17:09:42 [edu.uta.nlp.stanford.OpenIE] [INFO] - 1.0:	system:	allow:	user
2019-11-07 17:09:42 [edu.uta.nlp.stanford.OpenIE] [INFO] - 1.0:	user:	select:	product
2019-11-07 17:09:42 [edu.uta.nlp.stanford.OpenIE] [INFO] - 1.0:	user:	select product:	configure
2019-11-07 17:09:42 [edu.uta.nlp.controller.FeatureVectorGenerate] [INFO] - #R2: The system shall display all the available components of the product to configure
2019-11-07 17:09:42 [edu.uta.nlp.stanford.OpenIE] [INFO] - 1.0:	system:	display:	available components of product
2019-11-07 17:09:42 [edu.uta.nlp.controller.FeatureVectorGenerate] [INFO] - #R3: The system shall enable user to add one or more component to the configuration.
2019-11-07 17:09:42 [edu.uta.nlp.stanford.OpenIE] [INFO] - 1.0:	system:	enable:	user
2019-11-07 17:09:42 [edu.uta.nlp.controller.FeatureVectorGenerate] [INFO] - #R4: The system shall notify the user about any conflict in the current configuration.
2019-11-07 17:09:44 [edu.uta.nlp.stanford.OpenIE] [INFO] - 1.0:	system:	notify user about:	conflict in current configuration
2019-11-07 17:09:44 [edu.uta.nlp.controller.FeatureVectorGenerate] [INFO] - #R5: The system shall allow user to update the configuration to resolve conflict in the current configuration.
2019-11-07 17:09:44 [edu.uta.nlp.stanford.OpenIE] [INFO] - 1.0:	system:	allow:	user
2019-11-07 17:09:44 [edu.uta.nlp.stanford.OpenIE] [INFO] - 1.0:	user:	update:	configuration
2019-11-07 17:09:44 [edu.uta.nlp.stanford.OpenIE] [INFO] - 1.0:	conflict:	be in:	current configuration
2019-11-07 17:09:44 [edu.uta.nlp.controller.FeatureVectorGenerate] [INFO] - #R6: The system shall allow user to confirm the completion of current configuration
2019-11-07 17:09:49 [edu.uta.nlp.stanford.OpenIE] [INFO] - 1.0:	system:	allow:	user
2019-11-07 17:09:49 [edu.uta.nlp.stanford.OpenIE] [INFO] - 1.0:	user:	confirm:	completion of current configuration
2019-11-07 17:09:49 [edu.uta.nlp.stanford.OpenIE] [INFO] - 1.0:	user:	confirm:	completion
2019-11-07 17:09:49 [edu.uta.nlp.stanford.OpenIE] [INFO] - 1.0:	user:	confirm:	completion of configuration
2019-11-07 17:09:50 [edu.uta.nlp.controller.FeatureVectorGenerate] [INFO] - #R7: The system shall display detailed product categorization to the user.
2019-11-07 17:09:50 [edu.uta.nlp.stanford.OpenIE] [INFO] - 1.0:	system:	display:	detailed product categorization
2019-11-07 17:09:50 [edu.uta.nlp.stanford.OpenIE] [INFO] - 1.0:	system:	display:	product categorization
2019-11-07 17:09:50 [edu.uta.nlp.stanford.OpenIE] [INFO] - 1.0:	system:	display product categorization to:	user
2019-11-07 17:09:50 [edu.uta.nlp.controller.FeatureVectorGenerate] [INFO] - #R8: The system shall enable user to enter the search text on the screen.
2019-11-07 17:09:51 [edu.uta.nlp.stanford.OpenIE] [INFO] - 1.0:	system:	enable:	user
2019-11-07 17:09:51 [edu.uta.nlp.stanford.OpenIE] [INFO] - 1.0:	user:	enter:	search text
2019-11-07 17:09:51 [edu.uta.nlp.stanford.OpenIE] [INFO] - 1.0:	user:	enter search text on:	screen
2019-11-07 17:09:51 [edu.uta.nlp.controller.FeatureVectorGenerate] [INFO] - #R9: The system shall enable user to select multiple options on the screen to search.
2019-11-07 17:09:51 [edu.uta.nlp.stanford.OpenIE] [INFO] - 1.0:	user:	select:	options on screen
2019-11-07 17:09:51 [edu.uta.nlp.stanford.OpenIE] [INFO] - 1.0:	system:	enable:	user
2019-11-07 17:09:51 [edu.uta.nlp.stanford.OpenIE] [INFO] - 1.0:	user:	select option:	search
2019-11-07 17:09:51 [edu.uta.nlp.stanford.OpenIE] [INFO] - 1.0:	user:	select:	multiple options on screen
2019-11-07 17:09:51 [edu.uta.nlp.stanford.OpenIE] [INFO] - 1.0:	user:	select:	multiple options
2019-11-07 17:09:51 [edu.uta.nlp.stanford.OpenIE] [INFO] - 1.0:	user:	select:	options
2019-11-07 17:09:53 [edu.uta.nlp.controller.FeatureVectorGenerate] [INFO] - #R10: The system shall display all the matching products based on the search
2019-11-07 17:09:53 [edu.uta.nlp.controller.FeatureVectorGenerate] [INFO] - #R11: The system shall display only 10 matching result on the current screen.
2019-11-07 17:09:53 [edu.uta.nlp.stanford.OpenIE] [INFO] - 1.0:	system:	display:	only 10 matching result
2019-11-07 17:09:53 [edu.uta.nlp.stanford.OpenIE] [INFO] - 1.0:	system:	display:	only 10 result
2019-11-07 17:09:53 [edu.uta.nlp.controller.FeatureVectorGenerate] [INFO] - #R12: The system shall enable user to navigate between the search results.
2019-11-07 17:09:53 [edu.uta.nlp.stanford.OpenIE] [INFO] - 0.36651726788220995:	system:	enable:	navigate between search
2019-11-07 17:09:53 [edu.uta.nlp.stanford.OpenIE] [INFO] - 1.0:	system:	enable:	user
2019-11-07 17:09:53 [edu.uta.nlp.stanford.OpenIE] [INFO] - 0.36651726788220995:	system:	enable:	navigate
2019-11-07 17:09:53 [edu.uta.nlp.stanford.OpenIE] [INFO] - 1.0:	user:	navigate between:	search
2019-11-07 17:09:55 [edu.uta.nlp.controller.FeatureVectorGenerate] [INFO] - #R13: The system shall notify the user when no matching product is found on the search.
2019-11-07 17:09:55 [edu.uta.nlp.controller.FeatureVectorGenerate] [INFO] - #R14: The system shall allow user to create profile and set his credential.
2019-11-07 17:09:55 [edu.uta.nlp.stanford.OpenIE] [INFO] - 1.0:	system:	allow:	user
2019-11-07 17:09:55 [edu.uta.nlp.stanford.OpenIE] [INFO] - 1.0:	user:	create:	profile
2019-11-07 17:09:55 [edu.uta.nlp.stanford.OpenIE] [INFO] - 1.0:	system:	set:	his credential
2019-11-07 17:09:57 [edu.uta.nlp.controller.FeatureVectorGenerate] [INFO] - #R15: The system shall authenticate user credentials to view the profile.
2019-11-07 17:09:57 [edu.uta.nlp.stanford.OpenIE] [INFO] - 1.0:	system:	authenticate:	user credentials
2019-11-07 17:09:57 [edu.uta.nlp.stanford.OpenIE] [INFO] - 1.0:	system:	view:	profile
2019-11-07 17:09:57 [edu.uta.nlp.controller.FeatureVectorGenerate] [INFO] - #R16: The system shall allow user to update the profile information.
2019-11-07 17:09:57 [edu.uta.nlp.stanford.OpenIE] [INFO] - 1.0:	system:	allow:	user
2019-11-07 17:09:57 [edu.uta.nlp.stanford.OpenIE] [INFO] - 1.0:	user:	update:	profile information
2019-11-07 17:09:57 [edu.uta.nlp.controller.FeatureVectorGenerate] [INFO] - #R17: The system shall display both the active and completed order history in the customer profile.
2019-11-07 17:09:59 [edu.uta.nlp.stanford.OpenIE] [INFO] - 1.0:	active order history:	be in:	customer profile
2019-11-07 17:09:59 [edu.uta.nlp.stanford.OpenIE] [INFO] - 1.0:	system:	display:	active order history
2019-11-07 17:09:59 [edu.uta.nlp.stanford.OpenIE] [INFO] - 1.0:	system:	display:	active order history in customer profile
2019-11-07 17:09:59 [edu.uta.nlp.stanford.OpenIE] [INFO] - 1.0:	system:	display:	order history in customer profile
2019-11-07 17:09:59 [edu.uta.nlp.stanford.OpenIE] [INFO] - 1.0:	system:	display:	order history
2019-11-07 17:09:59 [edu.uta.nlp.controller.FeatureVectorGenerate] [INFO] - #R18: The system shall allow user to select the order from the order history.
2019-11-07 17:09:59 [edu.uta.nlp.stanford.OpenIE] [INFO] - 1.0:	system:	allow:	user
2019-11-07 17:09:59 [edu.uta.nlp.stanford.OpenIE] [INFO] - 1.0:	user:	select order from:	order history
2019-11-07 17:09:59 [edu.uta.nlp.stanford.OpenIE] [INFO] - 1.0:	user:	select:	order
2019-11-07 17:09:59 [edu.uta.nlp.controller.FeatureVectorGenerate] [INFO] - #R19: The system shall display the detailed information about the selected order.
2019-11-07 17:10:04 [edu.uta.nlp.stanford.OpenIE] [INFO] - 1.0:	system:	display:	information
2019-11-07 17:10:04 [edu.uta.nlp.stanford.OpenIE] [INFO] - 1.0:	system:	display:	detailed information about selected order
2019-11-07 17:10:04 [edu.uta.nlp.stanford.OpenIE] [INFO] - 1.0:	system:	display:	information about selected order
2019-11-07 17:10:04 [edu.uta.nlp.stanford.OpenIE] [INFO] - 1.0:	system:	display:	detailed information
2019-11-07 17:10:04 [edu.uta.nlp.stanford.OpenIE] [INFO] - 1.0:	system:	display:	detailed information about order
2019-11-07 17:10:04 [edu.uta.nlp.stanford.OpenIE] [INFO] - 1.0:	system:	display:	information about order
2019-11-07 17:10:04 [edu.uta.nlp.controller.FeatureVectorGenerate] [INFO] - #R20: The system shall display the most frequently searched items by the user in the profile.
2019-11-07 17:10:04 [edu.uta.nlp.stanford.OpenIE] [INFO] - 1.0:	system:	display:	frequently searched items
2019-11-07 17:10:04 [edu.uta.nlp.stanford.OpenIE] [INFO] - 1.0:	system:	display item by:	user in profile
2019-11-07 17:10:04 [edu.uta.nlp.stanford.OpenIE] [INFO] - 1.0:	user:	be in:	profile
2019-11-07 17:10:04 [edu.uta.nlp.stanford.OpenIE] [INFO] - 1.0:	system:	display item by:	user
2019-11-07 17:10:04 [edu.uta.nlp.stanford.OpenIE] [INFO] - 1.0:	system:	display:	most frequently searched items
2019-11-07 17:10:04 [edu.uta.nlp.stanford.OpenIE] [INFO] - 1.0:	system:	display:	items
2019-11-07 17:10:04 [edu.uta.nlp.stanford.OpenIE] [INFO] - 1.0:	system:	display:	searched items
2019-11-07 17:10:06 [edu.uta.nlp.controller.FeatureVectorGenerate] [INFO] - #R21: The system shall allow user to register for newsletters and surveys in the profile.
2019-11-07 17:10:06 [edu.uta.nlp.stanford.OpenIE] [INFO] - 1.0:	system:	allow:	user
2019-11-07 17:10:06 [edu.uta.nlp.stanford.OpenIE] [INFO] - 0.14059619431790493:	system:	allow:	register
2019-11-07 17:10:06 [edu.uta.nlp.stanford.OpenIE] [INFO] - 0.14059619431790493:	system:	allow:	register for newsletters in profile
2019-11-07 17:10:06 [edu.uta.nlp.stanford.OpenIE] [INFO] - 0.14059619431790493:	system:	allow:	register for newsletters
2019-11-07 17:10:06 [edu.uta.nlp.stanford.OpenIE] [INFO] - 1.0:	user:	register for:	newsletters in profile
2019-11-07 17:10:06 [edu.uta.nlp.stanford.OpenIE] [INFO] - 1.0:	user:	register for:	newsletters
2019-11-07 17:10:06 [edu.uta.nlp.stanford.OpenIE] [INFO] - 1.0:	newsletter:	be in:	profile
2019-11-07 17:10:08 [edu.uta.nlp.controller.FeatureVectorGenerate] [INFO] - #R22: The system shall provide online help, FAQ’s customer support, and sitemap options for customer support.
2019-11-07 17:10:08 [edu.uta.nlp.stanford.OpenIE] [INFO] - 1.0:	system:	provide:	online help
2019-11-07 17:10:08 [edu.uta.nlp.stanford.OpenIE] [INFO] - 1.0:	system:	provide:	sitemap options for customer support
2019-11-07 17:10:08 [edu.uta.nlp.stanford.OpenIE] [INFO] - 1.0:	system:	provide:	sitemap options
2019-11-07 17:10:08 [edu.uta.nlp.stanford.OpenIE] [INFO] - 1.0:	faq:	have:	customer support
2019-11-07 17:10:08 [edu.uta.nlp.stanford.OpenIE] [INFO] - 1.0:	system:	provide:	help
2019-11-07 17:10:08 [edu.uta.nlp.stanford.OpenIE] [INFO] - 1.0:	system:	provide:	FAQ 's customer support
2019-11-07 17:10:10 [edu.uta.nlp.controller.FeatureVectorGenerate] [INFO] - #R23: The system shall allow user to select the support type he wants.
2019-11-07 17:10:10 [edu.uta.nlp.stanford.OpenIE] [INFO] - 1.0:	user:	select:	support type
2019-11-07 17:10:10 [edu.uta.nlp.stanford.OpenIE] [INFO] - 1.0:	system:	allow:	user
2019-11-07 17:10:10 [edu.uta.nlp.controller.FeatureVectorGenerate] [INFO] - #R24: The system shall allow user to enter the customer and product information for the support.
2019-11-07 17:10:10 [edu.uta.nlp.stanford.OpenIE] [INFO] - 1.0:	system:	allow:	user
2019-11-07 17:10:10 [edu.uta.nlp.stanford.OpenIE] [INFO] - 1.0:	user:	enter customer information for:	support
2019-11-07 17:10:10 [edu.uta.nlp.stanford.OpenIE] [INFO] - 1.0:	user:	enter:	customer information
2019-11-07 17:10:11 [edu.uta.nlp.controller.FeatureVectorGenerate] [INFO] - #R25: The system shall display the customer support contact numbers on the screen.
2019-11-07 17:10:11 [edu.uta.nlp.stanford.OpenIE] [INFO] - 1.0:	system:	display customer support contact number on:	screen
2019-11-07 17:10:11 [edu.uta.nlp.stanford.OpenIE] [INFO] - 1.0:	system:	display:	customer support contact numbers
2019-11-07 17:10:12 [edu.uta.nlp.controller.FeatureVectorGenerate] [INFO] - #R26: The system shall allow user to enter the contact number for support personnel to call.
2019-11-07 17:10:12 [edu.uta.nlp.stanford.OpenIE] [INFO] - 1.0:	system:	allow:	user
2019-11-07 17:10:12 [edu.uta.nlp.stanford.OpenIE] [INFO] - 1.0:	user:	enter contact number:	support personnel call
2019-11-07 17:10:12 [edu.uta.nlp.stanford.OpenIE] [INFO] - 1.0:	user:	enter:	contact number
2019-11-07 17:10:13 [edu.uta.nlp.controller.FeatureVectorGenerate] [INFO] - #R27: The system shall display the online help upon request.
2019-11-07 17:10:13 [edu.uta.nlp.stanford.OpenIE] [INFO] - 1.0:	system:	display:	help
2019-11-07 17:10:13 [edu.uta.nlp.stanford.OpenIE] [INFO] - 1.0:	system:	display help upon:	request
2019-11-07 17:10:13 [edu.uta.nlp.stanford.OpenIE] [INFO] - 1.0:	system:	display:	online help
2019-11-07 17:10:13 [edu.uta.nlp.controller.FeatureVectorGenerate] [INFO] - #R28: The system shall display the FAQ’s upon request.
2019-11-07 17:10:14 [edu.uta.nlp.stanford.OpenIE] [INFO] - 1.0:	system:	display:	FAQ
2019-11-07 17:10:14 [edu.uta.nlp.stanford.OpenIE] [INFO] - 1.0:	system:	display faq upon:	request
2019-11-07 17:10:14 [edu.uta.nlp.controller.FeatureVectorGenerate] [INFO] - #R29: The system shall maintain customer email information as a required part of customer profile.
2019-11-07 17:10:15 [edu.uta.nlp.stanford.OpenIE] [INFO] - 1.0:	system:	maintain customer email information as:	required part of customer profile
2019-11-07 17:10:15 [edu.uta.nlp.stanford.OpenIE] [INFO] - 1.0:	system:	maintain:	customer email information
2019-11-07 17:10:15 [edu.uta.nlp.stanford.OpenIE] [INFO] - 1.0:	system:	maintain customer email information as:	part of customer profile
2019-11-07 17:10:15 [edu.uta.nlp.stanford.OpenIE] [INFO] - 1.0:	system:	maintain customer email information as:	required part
2019-11-07 17:10:15 [edu.uta.nlp.stanford.OpenIE] [INFO] - 1.0:	system:	maintain customer email information as:	part
2019-11-07 17:10:15 [edu.uta.nlp.controller.FeatureVectorGenerate] [INFO] - #R30: The system shall send an order confirmation to the user through email.
2019-11-07 17:10:15 [edu.uta.nlp.stanford.OpenIE] [INFO] - 1.0:	system:	send:	order
2019-11-07 17:10:16 [edu.uta.nlp.controller.FeatureVectorGenerate] [INFO] - #R31: The system shall display detailed invoice for current order once it is confirmed.
2019-11-07 17:10:17 [edu.uta.nlp.stanford.OpenIE] [INFO] - 1.0:	system:	display:	invoice
2019-11-07 17:10:17 [edu.uta.nlp.stanford.OpenIE] [INFO] - 1.0:	system:	display invoice:	confirmed
2019-11-07 17:10:17 [edu.uta.nlp.stanford.OpenIE] [INFO] - 1.0:	system:	display invoice for:	order
2019-11-07 17:10:17 [edu.uta.nlp.stanford.OpenIE] [INFO] - 1.0:	system:	display:	detailed invoice
2019-11-07 17:10:17 [edu.uta.nlp.stanford.OpenIE] [INFO] - 1.0:	it:	be:	confirmed
2019-11-07 17:10:17 [edu.uta.nlp.stanford.OpenIE] [INFO] - 1.0:	system:	display invoice for:	current order
2019-11-07 17:10:17 [edu.uta.nlp.controller.FeatureVectorGenerate] [INFO] - #R32: The system shall optionally allow user to print the invoice.
2019-11-07 17:10:17 [edu.uta.nlp.stanford.OpenIE] [INFO] - 1.0:	system:	allow:	user
2019-11-07 17:10:17 [edu.uta.nlp.stanford.OpenIE] [INFO] - 1.0:	system:	optionally allow:	user
2019-11-07 17:10:17 [edu.uta.nlp.stanford.OpenIE] [INFO] - 1.0:	user:	print:	invoice
2019-11-07 17:10:19 [edu.uta.nlp.controller.FeatureVectorGenerate] [INFO] - #R33: The system shall provide shopping cart during online purchase.
2019-11-07 17:10:19 [edu.uta.nlp.stanford.OpenIE] [INFO] - 1.0:	system:	provide:	shopping cart
2019-11-07 17:10:19 [edu.uta.nlp.stanford.OpenIE] [INFO] - 1.0:	system:	provide shopping cart during:	online purchase
2019-11-07 17:10:19 [edu.uta.nlp.stanford.OpenIE] [INFO] - 1.0:	system:	provide shopping cart during:	purchase
2019-11-07 17:10:19 [edu.uta.nlp.controller.FeatureVectorGenerate] [INFO] - #R34: The system shall allow user to add/remove products in the shopping cart.
2019-11-07 17:10:19 [edu.uta.nlp.stanford.OpenIE] [INFO] - 1.0:	add/remove product:	be in:	shopping cart
2019-11-07 17:10:19 [edu.uta.nlp.stanford.OpenIE] [INFO] - 1.0:	system:	allow user to:	add/remove products in shopping cart
2019-11-07 17:10:19 [edu.uta.nlp.stanford.OpenIE] [INFO] - 1.0:	system:	allow:	user
2019-11-07 17:10:19 [edu.uta.nlp.stanford.OpenIE] [INFO] - 0.14059619431790493:	system:	allow to:	add/remove products in shopping cart
2019-11-07 17:10:19 [edu.uta.nlp.stanford.OpenIE] [INFO] - 1.0:	system:	allow user to:	add/remove products
2019-11-07 17:10:19 [edu.uta.nlp.stanford.OpenIE] [INFO] - 0.14059619431790493:	system:	allow to:	add/remove products
2019-11-07 17:10:19 [edu.uta.nlp.stanford.OpenIE] [INFO] - 0.14059619431790493:	system:	allow to:	products
2019-11-07 17:10:19 [edu.uta.nlp.stanford.OpenIE] [INFO] - 0.14059619431790493:	system:	allow to:	products in shopping cart
2019-11-07 17:10:19 [edu.uta.nlp.stanford.OpenIE] [INFO] - 1.0:	system:	allow user to:	products
2019-11-07 17:10:19 [edu.uta.nlp.stanford.OpenIE] [INFO] - 1.0:	system:	allow user to:	products in shopping cart
2019-11-07 17:10:23 [edu.uta.nlp.controller.FeatureVectorGenerate] [INFO] - #R35: The system shall display different shipping options provided by shipping department.
2019-11-07 17:10:23 [edu.uta.nlp.stanford.OpenIE] [INFO] - 1.0:	system:	display:	different shipping options provided
2019-11-07 17:10:23 [edu.uta.nlp.stanford.OpenIE] [INFO] - 1.0:	system:	display:	shipping options provided
2019-11-07 17:10:23 [edu.uta.nlp.stanford.OpenIE] [INFO] - 1.0:	system:	display:	different shipping options
2019-11-07 17:10:23 [edu.uta.nlp.stanford.OpenIE] [INFO] - 1.0:	system:	display:	shipping options provided by shipping department
2019-11-07 17:10:23 [edu.uta.nlp.stanford.OpenIE] [INFO] - 1.0:	system:	display:	different shipping options provided by shipping department
2019-11-07 17:10:23 [edu.uta.nlp.stanford.OpenIE] [INFO] - 1.0:	system:	display:	shipping options
2019-11-07 17:10:23 [edu.uta.nlp.controller.FeatureVectorGenerate] [INFO] - #R36: The system shall enable user to select the shipping method during payment process.
2019-11-07 17:10:23 [edu.uta.nlp.stanford.OpenIE] [INFO] - 1.0:	user:	select:	shipping method
2019-11-07 17:10:23 [edu.uta.nlp.stanford.OpenIE] [INFO] - 1.0:	system:	enable:	user
2019-11-07 17:10:23 [edu.uta.nlp.stanford.OpenIE] [INFO] - 1.0:	user:	select shipping method during:	payment process
2019-11-07 17:10:25 [edu.uta.nlp.controller.FeatureVectorGenerate] [INFO] - #R37: The system shall display the shipping charges.
2019-11-07 17:10:25 [edu.uta.nlp.stanford.OpenIE] [INFO] - 1.0:	system:	display:	shipping charges
2019-11-07 17:10:25 [edu.uta.nlp.controller.FeatureVectorGenerate] [INFO] - #R38: The system shall display tentative duration for shipping.
2019-11-07 17:10:25 [edu.uta.nlp.stanford.OpenIE] [INFO] - 1.0:	system:	display:	duration
2019-11-07 17:10:25 [edu.uta.nlp.stanford.OpenIE] [INFO] - 1.0:	system:	display:	duration for shipping
2019-11-07 17:10:25 [edu.uta.nlp.stanford.OpenIE] [INFO] - 1.0:	system:	display:	tentative duration for shipping
2019-11-07 17:10:25 [edu.uta.nlp.stanford.OpenIE] [INFO] - 1.0:	system:	display:	tentative duration
2019-11-07 17:10:25 [edu.uta.nlp.controller.FeatureVectorGenerate] [INFO] - #R39: The system shall allow user to enter the order information for tracking.
2019-11-07 17:10:27 [edu.uta.nlp.stanford.OpenIE] [INFO] - 1.0:	system:	allow:	user
2019-11-07 17:10:27 [edu.uta.nlp.stanford.OpenIE] [INFO] - 1.0:	user:	enter:	order information for tracking
2019-11-07 17:10:27 [edu.uta.nlp.stanford.OpenIE] [INFO] - 1.0:	user:	enter:	order information
2019-11-07 17:10:27 [edu.uta.nlp.controller.FeatureVectorGenerate] [INFO] - #R40: The system shall display the current tracking information about the order.
2019-11-07 17:10:27 [edu.uta.nlp.stanford.OpenIE] [INFO] - 1.0:	system:	display:	current tracking information about order
2019-11-07 17:10:27 [edu.uta.nlp.stanford.OpenIE] [INFO] - 1.0:	system:	display:	tracking information
2019-11-07 17:10:27 [edu.uta.nlp.stanford.OpenIE] [INFO] - 1.0:	system:	display:	tracking information about order
2019-11-07 17:10:27 [edu.uta.nlp.stanford.OpenIE] [INFO] - 1.0:	system:	display:	current tracking information
2019-11-07 17:10:27 [edu.uta.nlp.controller.FeatureVectorGenerate] [INFO] - #R41: The system shall calculate tax for the order.
2019-11-07 17:10:27 [edu.uta.nlp.stanford.OpenIE] [INFO] - 1.0:	system:	calculate tax for:	order
2019-11-07 17:10:27 [edu.uta.nlp.stanford.OpenIE] [INFO] - 1.0:	system:	calculate:	tax
2019-11-07 17:10:29 [edu.uta.nlp.controller.FeatureVectorGenerate] [INFO] - #R42: The system shall display tax information for the order.
2019-11-07 17:10:29 [edu.uta.nlp.stanford.OpenIE] [INFO] - 1.0:	system:	display tax information for:	order
2019-11-07 17:10:29 [edu.uta.nlp.stanford.OpenIE] [INFO] - 1.0:	system:	display:	tax information
2019-11-07 17:10:29 [edu.uta.nlp.controller.FeatureVectorGenerate] [INFO] - #R43: The system shall display available payment methods for payment.
2019-11-07 17:10:29 [edu.uta.nlp.stanford.OpenIE] [INFO] - 1.0:	system:	display:	payment methods
2019-11-07 17:10:29 [edu.uta.nlp.stanford.OpenIE] [INFO] - 1.0:	system:	display:	available payment methods
2019-11-07 17:10:29 [edu.uta.nlp.stanford.OpenIE] [INFO] - 1.0:	system:	display:	available payment methods for payment
2019-11-07 17:10:29 [edu.uta.nlp.stanford.OpenIE] [INFO] - 1.0:	system:	display:	payment methods for payment
2019-11-07 17:10:29 [edu.uta.nlp.controller.FeatureVectorGenerate] [INFO] - #R44: The system shall allow user to select the payment method for order.
2019-11-07 17:10:31 [edu.uta.nlp.stanford.OpenIE] [INFO] - 1.0:	system:	allow:	user
2019-11-07 17:10:31 [edu.uta.nlp.stanford.OpenIE] [INFO] - 1.0:	user:	select:	payment method for order
2019-11-07 17:10:31 [edu.uta.nlp.stanford.OpenIE] [INFO] - 1.0:	user:	select:	payment method
2019-11-07 17:10:31 [edu.uta.nlp.controller.FeatureVectorGenerate] [INFO] - #R45: The system shall display the orders that are eligible to change.
2019-11-07 17:10:31 [edu.uta.nlp.stanford.OpenIE] [INFO] - 1.0:	system:	display:	orders
2019-11-07 17:10:31 [edu.uta.nlp.controller.FeatureVectorGenerate] [INFO] - #R46: The system shall allow user to select the order to be changed.
2019-11-07 17:10:31 [edu.uta.nlp.stanford.OpenIE] [INFO] - 1.0:	system:	allow:	user
2019-11-07 17:10:32 [edu.uta.nlp.controller.FeatureVectorGenerate] [INFO] - #R47: The system shall allow user to cancel the order
2019-11-07 17:10:32 [edu.uta.nlp.stanford.OpenIE] [INFO] - 1.0:	system:	allow:	user
2019-11-07 17:10:32 [edu.uta.nlp.stanford.OpenIE] [INFO] - 1.0:	user:	cancel:	order
2019-11-07 17:10:33 [edu.uta.nlp.controller.FeatureVectorGenerate] [INFO] - #R48: The system shall allow user to change shipping, payment method.
2019-11-07 17:10:33 [edu.uta.nlp.stanford.OpenIE] [INFO] - 1.0:	system:	allow:	user
2019-11-07 17:10:33 [edu.uta.nlp.stanford.OpenIE] [INFO] - 1.0:	user:	change:	shipping
2019-11-07 17:10:33 [edu.uta.nlp.stanford.OpenIE] [INFO] - 1.0:	user:	change:	payment method
2019-11-07 17:10:33 [edu.uta.nlp.controller.FeatureVectorGenerate] [INFO] - #R49: The system shall notify the user about any changes made to the order.
2019-11-07 17:10:34 [edu.uta.nlp.stanford.OpenIE] [INFO] - 1.0:	system:	notify user about:	changes made to order
2019-11-07 17:10:34 [edu.uta.nlp.controller.FeatureVectorGenerate] [INFO] - #R50: The system shall display the reviews and ratings of each product, when it is selected.
2019-11-07 17:10:34 [edu.uta.nlp.stanford.OpenIE] [INFO] - 1.0:	it:	be:	when selected
2019-11-07 17:10:34 [edu.uta.nlp.stanford.OpenIE] [INFO] - 1.0:	system:	display:	reviews of product
2019-11-07 17:10:34 [edu.uta.nlp.stanford.OpenIE] [INFO] - 1.0:	it:	be:	selected
2019-11-07 17:10:34 [edu.uta.nlp.stanford.OpenIE] [INFO] - 1.0:	system:	display:	ratings
2019-11-07 17:10:35 [edu.uta.nlp.controller.FeatureVectorGenerate] [INFO] - #R51: The system shall enable the user to enter their reviews and ratings.
2019-11-07 17:10:35 [edu.uta.nlp.stanford.OpenIE] [INFO] - 1.0:	system:	enable:	user
2019-11-07 17:10:35 [edu.uta.nlp.stanford.OpenIE] [INFO] - 1.0:	user:	enter:	ratings
2019-11-07 17:10:35 [edu.uta.nlp.stanford.OpenIE] [INFO] - 1.0:	user:	enter:	their reviews
2019-11-07 17:10:36 [edu.uta.nlp.controller.FeatureVectorGenerate] [INFO] - #R52: The system shall display all the available financing options.
2019-11-07 17:10:36 [edu.uta.nlp.stanford.OpenIE] [INFO] - 1.0:	system:	display:	available financing options
2019-11-07 17:10:36 [edu.uta.nlp.controller.FeatureVectorGenerate] [INFO] - #R53: The system shall allow user to select the financing option.
2019-11-07 17:10:36 [edu.uta.nlp.stanford.OpenIE] [INFO] - 1.0:	system:	allow:	user
2019-11-07 17:10:36 [edu.uta.nlp.stanford.OpenIE] [INFO] - 1.0:	user:	select:	financing option
2019-11-07 17:10:37 [edu.uta.nlp.controller.FeatureVectorGenerate] [INFO] - #R54: The system shall notify the use about the financing request.
2019-11-07 17:10:37 [edu.uta.nlp.stanford.OpenIE] [INFO] - 1.0:	system:	notify:	use about financing request
2019-11-07 17:10:37 [edu.uta.nlp.stanford.OpenIE] [INFO] - 1.0:	system:	notify:	use
2019-11-07 17:10:38 [edu.uta.nlp.controller.FeatureVectorGenerate] [INFO] - #R55: The system shall allow user to view detailed sitemap.
2019-11-07 17:10:38 [edu.uta.nlp.stanford.OpenIE] [INFO] - 1.0:	system:	allow:	user
2019-11-07 17:10:38 [edu.uta.nlp.stanford.OpenIE] [INFO] - 1.0:	user:	view:	detailed sitemap
2019-11-07 17:10:38 [edu.uta.nlp.stanford.OpenIE] [INFO] - 1.0:	user:	view:	sitemap
2019-11-07 17:10:38 [edu.uta.nlp.controller.FeatureVectorGenerate] [INFO] - #R56: The system shall display all the available promotions to the user.
2019-11-07 17:10:38 [edu.uta.nlp.stanford.OpenIE] [INFO] - 1.0:	system:	display:	available promotions
2019-11-07 17:10:39 [edu.uta.nlp.controller.FeatureVectorGenerate] [INFO] - #R57: The system shall allow user to select available promotion.
2019-11-07 17:10:39 [edu.uta.nlp.stanford.OpenIE] [INFO] - 1.0:	system:	allow:	user
2019-11-07 17:10:39 [edu.uta.nlp.stanford.OpenIE] [INFO] - 1.0:	user:	select:	promotion
2019-11-07 17:10:39 [edu.uta.nlp.stanford.OpenIE] [INFO] - 1.0:	user:	select:	available promotion
2019-11-07 17:10:40 [edu.uta.nlp.controller.FeatureVectorGenerate] [INFO] - #R58: The system shall allow user to confirm the purchase.
2019-11-07 17:10:40 [edu.uta.nlp.stanford.OpenIE] [INFO] - 1.0:	system:	allow:	user
2019-11-07 17:10:40 [edu.uta.nlp.stanford.OpenIE] [INFO] - 1.0:	user:	confirm:	purchase
2019-11-07 17:10:41 [edu.uta.nlp.controller.FeatureVectorGenerate] [INFO] - #R59: The system shall enable user to enter the payment information.
2019-11-07 17:10:41 [edu.uta.nlp.stanford.OpenIE] [INFO] - 1.0:	user:	enter:	payment information
2019-11-07 17:10:41 [edu.uta.nlp.stanford.OpenIE] [INFO] - 1.0:	system:	enable:	user
2019-11-07 17:10:41 [edu.uta.nlp.controller.FeatureVectorGenerate] [INFO] - #R60: The system shall provide a uniform look and feel between all the web pages.
2019-11-07 17:10:42 [edu.uta.nlp.stanford.OpenIE] [INFO] - 1.0:	system:	provide:	uniform look
2019-11-07 17:10:42 [edu.uta.nlp.stanford.OpenIE] [INFO] - 1.0:	system:	provide:	look
2019-11-07 17:10:42 [edu.uta.nlp.stanford.OpenIE] [INFO] - 1.0:	system:	feel between:	web pages
2019-11-07 17:10:42 [edu.uta.nlp.controller.FeatureVectorGenerate] [INFO] - #R61: The system shall provide a digital image for each product in the product catalog.
2019-11-07 17:10:42 [edu.uta.nlp.stanford.OpenIE] [INFO] - 1.0:	system:	provide:	image for product
2019-11-07 17:10:42 [edu.uta.nlp.stanford.OpenIE] [INFO] - 1.0:	system:	provide:	digital image for product
2019-11-07 17:10:43 [edu.uta.nlp.controller.FeatureVectorGenerate] [INFO] - #R62: The system shall provide use of icons and toolbars.
2019-11-07 17:10:43 [edu.uta.nlp.stanford.OpenIE] [INFO] - 1.0:	system:	provide:	use
2019-11-07 17:10:43 [edu.uta.nlp.stanford.OpenIE] [INFO] - 1.0:	system:	provide:	use of icons
2019-11-07 17:10:44 [edu.uta.nlp.controller.FeatureVectorGenerate] [INFO] - #R63: The system shall provide handicap access.
2019-11-07 17:10:44 [edu.uta.nlp.stanford.OpenIE] [INFO] - 1.0:	system:	provide:	handicap access
2019-11-07 17:10:44 [edu.uta.nlp.controller.FeatureVectorGenerate] [INFO] - #R64: The system shall provide multi language support.
2019-11-07 17:10:44 [edu.uta.nlp.stanford.OpenIE] [INFO] - 1.0:	system:	provide:	multi language support
2019-11-07 17:10:44 [edu.uta.nlp.stanford.OpenIE] [INFO] - 1.0:	system:	provide:	language support
2019-11-07 17:10:45 [edu.uta.nlp.controller.FeatureVectorGenerate] [INFO] - #R65: 
2019-11-07 17:10:45 [edu.uta.nlp.file.CSVFile] [INFO] - Save file:C:\Student\SOFTWARE DESIGN PATTERNS\Code\feature_vector\feature_vector_result\\Personal_requirements\WuxuanYang_S02&S29.txt-FeatureVector-2019-11-07-17-10.csv
